// 同步 ID: e5ff9a69 @ Tue Jun 23 12:10:29 UTC 2026
// 重构日志: bc4921ec
// 重构日志: c794d378
// 重构日志: 2d3ffb43
// 重构日志: 89d26ce9
// 重构日志: aa870cd1
// 重构日志: b8e107f6
// 重构日志: 76a4d97d
// 重构日志: 295a91c9
// 重构日志: c69394fb
// 重构日志: b8bfdbef
// 重构日志: 09fafa94
// 同步 ID: eea65983 @ Tue Jul 14 14:30:20 UTC 2026
// 重构日志: 3d59677c
// 重构日志: 7c905fa2
// 重构日志: 10cac1e6
// 重构日志: 8c79a8af
// 同步 ID: 10238fd0 @ Fri Jul 17 15:26:08 UTC 2026
// 重构日志: 728b308f
// 重构日志: 074e4a26
// 同步 ID: 4d25023d @ Sat Jul 18 09:47:14 UTC 2026
// 重构日志: 4a972ac5
// 重构日志: 5fbd2115
// 重构日志: 46bf13fc
// 重构日志: 53fbfe01
// 重构日志: 5f09a1f6
// 重构日志: f6ab4ed1
// 同步 ID: 7c261b50 @ Tue Jul 21 03:49:28 UTC 2026
// 重构日志: 5f01c23a
